Se inicio la aplicación el dia 2023-03-25 12:43:54
Acceso a la pagina de registro el dia 2023-03-25 12:44:06
Registro denagado, el correo: daniellizama17@gmail.com ya fue registrado anteriormente 2023-03-25 12:44:12
Acceso a la pagina de registro el dia 2023-03-25 12:44:12
Usuario registrado: jonatha@gmail.com el dia 2023-03-25 12:44:41
Acceso al Login el dia 2023-03-25 12:44:41
Acceso concedido para el usuario jonatha@gmail.com el dia 2023-03-25 12:44:51
Sesion cerrada el dia 2023-03-25 12:45:11
Se inicio la aplicación el dia 2023-03-25 12:45:11
Acceso a la pagina de registro el dia 2023-03-25 12:52:23
Se inicio la aplicación el dia 2023-03-25 18:04:12
Acceso al Login el dia 2023-03-25 18:04:25
Acceso a la pagina de registro el dia 2023-03-25 18:04:26
Se inicio la aplicación el dia 2023-03-25 18:06:32
Se inicio la aplicación el dia 2023-03-25 18:06:34
Se inicio la aplicación el dia 2023-03-25 18:06:35
Se inicio la aplicación el dia 2023-03-25 18:06:35
Se inicio la aplicación el dia 2023-03-25 18:06:35
Acceso al Login el dia 2023-03-25 18:07:46
Acceso concedido para el usuario daniellizama17@gmail.com el dia 2023-03-25 18:07:49
Sesion cerrada el dia 2023-03-25 18:07:56
Se inicio la aplicación el dia 2023-03-25 18:07:56
Se inicio la aplicación el dia 2023-03-25 18:19:15
Se inicio la aplicación el dia 2023-03-25 18:19:17
Se inicio la aplicación el dia 2023-03-25 18:24:41
Se inicio la aplicación el dia 2023-03-25 18:24:42
Se inicio la aplicación el dia 2023-03-25 18:24:54
Se inicio la aplicación el dia 2023-03-26 16:41:10
